2024-03-04T09:23:25.235+05:30  INFO 13536 --- [main] com.example.demo.Application             : Starting Application using Java 17.0.10 with PID 13536 (C:\Users\adila\Documents\JRTP-WORKSPACE\03-Logging-App1\target\classes started by adila in C:\Users\adila\Documents\JRTP-WORKSPACE\03-Logging-App1)
2024-03-04T09:23:25.242+05:30  INFO 13536 --- [main] com.example.demo.Application             : No active profile set, falling back to 1 default profile: "default"
2024-03-04T09:23:26.012+05:30  INFO 13536 --- [main] o.s.b.w.embedded.tomcat.TomcatWebServer  : Tomcat initialized with port 8087 (http)
2024-03-04T09:23:26.027+05:30  INFO 13536 --- [main] o.apache.catalina.core.StandardService   : Starting service [Tomcat]
2024-03-04T09:23:26.029+05:30  INFO 13536 --- [main] o.apache.catalina.core.StandardEngine    : Starting Servlet engine: [Apache Tomcat/10.1.19]
2024-03-04T09:23:26.080+05:30  INFO 13536 --- [main] o.a.c.c.C.[Tomcat].[localhost].[/]       : Initializing Spring embedded WebApplicationContext
2024-03-04T09:23:26.081+05:30  INFO 13536 --- [main] w.s.c.ServletWebServerApplicationContext : Root WebApplicationContext: initialization completed in 772 ms
2024-03-04T09:23:26.367+05:30  INFO 13536 --- [main] o.s.b.w.embedded.tomcat.TomcatWebServer  : Tomcat started on port 8087 (http) with context path ''
2024-03-04T09:23:26.384+05:30  INFO 13536 --- [main] com.example.demo.Application             : Started Application in 1.502 seconds (process running for 2.151)
2024-03-04T09:24:08.661+05:30  INFO 15036 --- [main] com.example.demo.Application             : Starting Application using Java 17.0.10 with PID 15036 (C:\Users\adila\Documents\JRTP-WORKSPACE\03-Logging-App1\target\classes started by adila in C:\Users\adila\Documents\JRTP-WORKSPACE\03-Logging-App1)
2024-03-04T09:24:08.664+05:30  INFO 15036 --- [main] com.example.demo.Application             : No active profile set, falling back to 1 default profile: "default"
2024-03-04T09:24:09.335+05:30  INFO 15036 --- [main] o.s.b.w.embedded.tomcat.TomcatWebServer  : Tomcat initialized with port 8087 (http)
2024-03-04T09:24:09.348+05:30  INFO 15036 --- [main] o.apache.catalina.core.StandardService   : Starting service [Tomcat]
2024-03-04T09:24:09.348+05:30  INFO 15036 --- [main] o.apache.catalina.core.StandardEngine    : Starting Servlet engine: [Apache Tomcat/10.1.19]
2024-03-04T09:24:09.403+05:30  INFO 15036 --- [main] o.a.c.c.C.[Tomcat].[localhost].[/]       : Initializing Spring embedded WebApplicationContext
2024-03-04T09:24:09.403+05:30  INFO 15036 --- [main] w.s.c.ServletWebServerApplicationContext : Root WebApplicationContext: initialization completed in 703 ms
2024-03-04T09:24:09.678+05:30  WARN 15036 --- [main] ConfigServletWebServerApplicationContext : Exception encountered during context initialization - cancelling refresh attempt: org.springframework.context.ApplicationContextException: Failed to start bean 'webServerStartStop'
2024-03-04T09:24:09.692+05:30  INFO 15036 --- [main] .s.b.a.l.ConditionEvaluationReportLogger : 

Error starting ApplicationContext. To display the condition evaluation report re-run your application with 'debug' enabled.
2024-03-04T09:24:09.713+05:30 ERROR 15036 --- [main] o.s.b.d.LoggingFailureAnalysisReporter   : 

***************************
APPLICATION FAILED TO START
***************************

Description:

Web server failed to start. Port 8087 was already in use.

Action:

Identify and stop the process that's listening on port 8087 or configure this application to listen on another port.

2024-03-04T09:24:45.739+05:30  INFO 23796 --- [main] com.example.demo.Application             : Starting Application using Java 17.0.10 with PID 23796 (C:\Users\adila\Documents\JRTP-WORKSPACE\03-Logging-App1\target\classes started by adila in C:\Users\adila\Documents\JRTP-WORKSPACE\03-Logging-App1)
2024-03-04T09:24:45.742+05:30  INFO 23796 --- [main] com.example.demo.Application             : No active profile set, falling back to 1 default profile: "default"
2024-03-04T09:24:46.308+05:30  INFO 23796 --- [main] o.s.b.w.embedded.tomcat.TomcatWebServer  : Tomcat initialized with port 8088 (http)
2024-03-04T09:24:46.321+05:30  INFO 23796 --- [main] o.apache.catalina.core.StandardService   : Starting service [Tomcat]
2024-03-04T09:24:46.321+05:30  INFO 23796 --- [main] o.apache.catalina.core.StandardEngine    : Starting Servlet engine: [Apache Tomcat/10.1.19]
2024-03-04T09:24:46.391+05:30  INFO 23796 --- [main] o.a.c.c.C.[Tomcat].[localhost].[/]       : Initializing Spring embedded WebApplicationContext
2024-03-04T09:24:46.392+05:30  INFO 23796 --- [main] w.s.c.ServletWebServerApplicationContext : Root WebApplicationContext: initialization completed in 614 ms
2024-03-04T09:24:46.694+05:30  INFO 23796 --- [main] o.s.b.w.embedded.tomcat.TomcatWebServer  : Tomcat started on port 8088 (http) with context path ''
2024-03-04T09:24:46.702+05:30  INFO 23796 --- [main] com.example.demo.Application             : Started Application in 1.253 seconds (process running for 1.751)
